{"C:\\Users\\lesli\\Desktop\\CURSOS\\spotifyAPI\\app.js": {"path":"C:\\Users\\lesli\\Desktop\\CURSOS\\spotifyAPI\\app.js","statementMap":{"0":{"start":{"line":1,"column":0},"end":{"line":1,"column":27}},"1":{"start":{"line":2,"column":16},"end":{"line":2,"column":34}},"2":{"start":{"line":3,"column":13},"end":{"line":3,"column":28}},"3":{"start":{"line":4,"column":12},"end":{"line":4,"column":21}},"4":{"start":{"line":5,"column":18},"end":{"line":5,"column":47}},"5":{"start":{"line":6,"column":30},"end":{"line":6,"column":56}},"6":{"start":{"line":7,"column":23},"end":{"line":7,"column":48}},"7":{"start":{"line":8,"column":19},"end":{"line":8,"column":36}},"8":{"start":{"line":9,"column":24},"end":{"line":9,"column":49}},"9":{"start":{"line":10,"column":0},"end":{"line":10,"column":24}},"10":{"start":{"line":12,"column":18},"end":{"line":12,"column":39}},"11":{"start":{"line":13,"column":17},"end":{"line":13,"column":54}},"12":{"start":{"line":15,"column":13},"end":{"line":15,"column":37}},"13":{"start":{"line":20,"column":0},"end":{"line":20,"column":82}},"14":{"start":{"line":23,"column":0},"end":{"line":23,"column":35}},"15":{"start":{"line":26,"column":0},"end":{"line":29,"column":1}},"16":{"start":{"line":27,"column":4},"end":{"line":27,"column":21}},"17":{"start":{"line":28,"column":4},"end":{"line":28,"column":57}},"18":{"start":{"line":33,"column":0},"end":{"line":33,"column":60}},"19":{"start":{"line":35,"column":0},"end":{"line":35,"column":20}}},"fnMap":{},"branchMap":{"0":{"loc":{"start":{"line":13,"column":17},"end":{"line":13,"column":54}},"type":"binary-expr","locations":[{"start":{"line":13,"column":17},"end":{"line":13,"column":37}},{"start":{"line":13,"column":41},"end":{"line":13,"column":54}}],"line":13},"1":{"loc":{"start":{"line":15,"column":13},"end":{"line":15,"column":37}},"type":"binary-expr","locations":[{"start":{"line":15,"column":13},"end":{"line":15,"column":29}},{"start":{"line":15,"column":33},"end":{"line":15,"column":37}}],"line":15},"2":{"loc":{"start":{"line":26,"column":0},"end":{"line":29,"column":1}},"type":"if","locations":[{"start":{"line":26,"column":0},"end":{"line":29,"column":1}},{"start":{},"end":{}}],"line":26},"3":{"loc":{"start":{"line":33,"column":0},"end":{"line":33,"column":59}},"type":"cond-expr","locations":[{"start":{"line":33,"column":25},"end":{"line":33,"column":41}},{"start":{"line":33,"column":44},"end":{"line":33,"column":59}}],"line":33}},"s":{"0":3,"1":3,"2":3,"3":3,"4":3,"5":3,"6":3,"7":3,"8":3,"9":3,"10":3,"11":3,"12":3,"13":3,"14":3,"15":3,"16":0,"17":0,"18":3,"19":3},"f":{},"b":{"0":[3,0],"1":[3,0],"2":[0,3],"3":[3,0]},"_coverageSchema":"1a1c01bbd47fc00a2c39e90264f33305004495a9","hash":"21700a2b543a662d0fa0829e05675c7b81650a99"}
,"C:\\Users\\lesli\\Desktop\\CURSOS\\spotifyAPI\\config\\mongo.js": {"path":"C:\\Users\\lesli\\Desktop\\CURSOS\\spotifyAPI\\config\\mongo.js","statementMap":{"0":{"start":{"line":1,"column":17},"end":{"line":1,"column":36}},"1":{"start":{"line":3,"column":17},"end":{"line":3,"column":37}},"2":{"start":{"line":5,"column":18},"end":{"line":15,"column":3}},"3":{"start":{"line":6,"column":17},"end":{"line":6,"column":85}},"4":{"start":{"line":8,"column":4},"end":{"line":14,"column":5}},"5":{"start":{"line":9,"column":25},"end":{"line":9,"column":55}},"6":{"start":{"line":10,"column":5},"end":{"line":10,"column":23}},"7":{"start":{"line":12,"column":6},"end":{"line":12,"column":68}},"8":{"start":{"line":13,"column":6},"end":{"line":13,"column":22}},"9":{"start":{"line":21,"column":0},"end":{"line":21,"column":26}}},"fnMap":{"0":{"name":"(anonymous_0)","decl":{"start":{"line":5,"column":18},"end":{"line":5,"column":19}},"loc":{"start":{"line":5,"column":30},"end":{"line":15,"column":3}},"line":5}},"branchMap":{"0":{"loc":{"start":{"line":6,"column":17},"end":{"line":6,"column":85}},"type":"cond-expr","locations":[{"start":{"line":6,"column":41},"end":{"line":6,"column":64}},{"start":{"line":6,"column":67},"end":{"line":6,"column":85}}],"line":6}},"s":{"0":3,"1":3,"2":3,"3":3,"4":3,"5":3,"6":3,"7":0,"8":0,"9":3},"f":{"0":3},"b":{"0":[3,0]},"_coverageSchema":"1a1c01bbd47fc00a2c39e90264f33305004495a9","hash":"e6c15df9991847d53220146a753c6e8895dbe69f"}
,"C:\\Users\\lesli\\Desktop\\CURSOS\\spotifyAPI\\config\\mysql.js": {"path":"C:\\Users\\lesli\\Desktop\\CURSOS\\spotifyAPI\\config\\mysql.js","statementMap":{"0":{"start":{"line":1,"column":31},"end":{"line":1,"column":51}},"1":{"start":{"line":10,"column":14},"end":{"line":15,"column":1}},"2":{"start":{"line":17,"column":22},"end":{"line":27,"column":1}},"3":{"start":{"line":19,"column":4},"end":{"line":26,"column":5}},"4":{"start":{"line":21,"column":8},"end":{"line":21,"column":35}},"5":{"start":{"line":22,"column":8},"end":{"line":22,"column":47}},"6":{"start":{"line":25,"column":8},"end":{"line":25,"column":49}},"7":{"start":{"line":29,"column":0},"end":{"line":29,"column":41}}},"fnMap":{"0":{"name":"(anonymous_0)","decl":{"start":{"line":17,"column":22},"end":{"line":17,"column":23}},"loc":{"start":{"line":17,"column":32},"end":{"line":27,"column":1}},"line":17}},"branchMap":{},"s":{"0":3,"1":3,"2":3,"3":0,"4":0,"5":0,"6":0,"7":3},"f":{"0":0},"b":{},"_coverageSchema":"1a1c01bbd47fc00a2c39e90264f33305004495a9","hash":"82f6e0b05e34d1ccc162f72bbcab1c3cbdd6eb78"}
,"C:\\Users\\lesli\\Desktop\\CURSOS\\spotifyAPI\\controllers\\auth.js": {"path":"C:\\Users\\lesli\\Desktop\\CURSOS\\spotifyAPI\\controllers\\auth.js","statementMap":{"0":{"start":{"line":1,"column":24},"end":{"line":1,"column":52}},"1":{"start":{"line":2,"column":28},"end":{"line":2,"column":62}},"2":{"start":{"line":3,"column":20},"end":{"line":3,"column":49}},"3":{"start":{"line":4,"column":21},"end":{"line":4,"column":41}},"4":{"start":{"line":5,"column":26},"end":{"line":5,"column":57}},"5":{"start":{"line":13,"column":25},"end":{"line":34,"column":5}},"6":{"start":{"line":15,"column":8},"end":{"line":31,"column":9}},"7":{"start":{"line":16,"column":12},"end":{"line":16,"column":35}},"8":{"start":{"line":17,"column":33},"end":{"line":17,"column":60}},"9":{"start":{"line":18,"column":25},"end":{"line":18,"column":57}},"10":{"start":{"line":19,"column":29},"end":{"line":19,"column":58}},"11":{"start":{"line":20,"column":12},"end":{"line":20,"column":64}},"12":{"start":{"line":22,"column":25},"end":{"line":25,"column":13}},"13":{"start":{"line":26,"column":12},"end":{"line":26,"column":28}},"14":{"start":{"line":27,"column":12},"end":{"line":27,"column":29}},"15":{"start":{"line":30,"column":12},"end":{"line":30,"column":54}},"16":{"start":{"line":41,"column":22},"end":{"line":73,"column":5}},"17":{"start":{"line":43,"column":8},"end":{"line":72,"column":9}},"18":{"start":{"line":44,"column":12},"end":{"line":44,"column":35}},"19":{"start":{"line":46,"column":25},"end":{"line":46,"column":103}},"20":{"start":{"line":48,"column":12},"end":{"line":51,"column":13}},"21":{"start":{"line":49,"column":16},"end":{"line":49,"column":59}},"22":{"start":{"line":50,"column":16},"end":{"line":50,"column":22}},"23":{"start":{"line":53,"column":33},"end":{"line":53,"column":53}},"24":{"start":{"line":54,"column":26},"end":{"line":54,"column":67}},"25":{"start":{"line":56,"column":12},"end":{"line":59,"column":13}},"26":{"start":{"line":57,"column":16},"end":{"line":57,"column":61}},"27":{"start":{"line":58,"column":16},"end":{"line":58,"column":22}},"28":{"start":{"line":61,"column":12},"end":{"line":61,"column":59}},"29":{"start":{"line":62,"column":25},"end":{"line":65,"column":13}},"30":{"start":{"line":68,"column":8},"end":{"line":68,"column":23}},"31":{"start":{"line":71,"column":12},"end":{"line":71,"column":52}},"32":{"start":{"line":77,"column":0},"end":{"line":77,"column":42}}},"fnMap":{"0":{"name":"(anonymous_0)","decl":{"start":{"line":13,"column":25},"end":{"line":13,"column":26}},"loc":{"start":{"line":13,"column":45},"end":{"line":34,"column":5}},"line":13},"1":{"name":"(anonymous_1)","decl":{"start":{"line":41,"column":22},"end":{"line":41,"column":23}},"loc":{"start":{"line":41,"column":41},"end":{"line":73,"column":5}},"line":41}},"branchMap":{"0":{"loc":{"start":{"line":48,"column":12},"end":{"line":51,"column":13}},"type":"if","locations":[{"start":{"line":48,"column":12},"end":{"line":51,"column":13}},{"start":{},"end":{}}],"line":48},"1":{"loc":{"start":{"line":56,"column":12},"end":{"line":59,"column":13}},"type":"if","locations":[{"start":{"line":56,"column":12},"end":{"line":59,"column":13}},{"start":{},"end":{}}],"line":56}},"s":{"0":3,"1":3,"2":3,"3":3,"4":3,"5":3,"6":1,"7":1,"8":1,"9":1,"10":1,"11":1,"12":1,"13":1,"14":1,"15":0,"16":3,"17":4,"18":4,"19":4,"20":4,"21":2,"22":2,"23":2,"24":2,"25":2,"26":1,"27":1,"28":1,"29":1,"30":1,"31":0,"32":3},"f":{"0":1,"1":4},"b":{"0":[2,2],"1":[1,1]},"_coverageSchema":"1a1c01bbd47fc00a2c39e90264f33305004495a9","hash":"7f4a386cb2f1f8c83a16bbcc4512151e80593213"}
,"C:\\Users\\lesli\\Desktop\\CURSOS\\spotifyAPI\\controllers\\storage.js": {"path":"C:\\Users\\lesli\\Desktop\\CURSOS\\spotifyAPI\\controllers\\storage.js","statementMap":{"0":{"start":{"line":1,"column":11},"end":{"line":1,"column":24}},"1":{"start":{"line":2,"column":23},"end":{"line":2,"column":43}},"2":{"start":{"line":3,"column":22},"end":{"line":3,"column":50}},"3":{"start":{"line":4,"column":26},"end":{"line":4,"column":57}},"4":{"start":{"line":6,"column":19},"end":{"line":6,"column":41}},"5":{"start":{"line":7,"column":19},"end":{"line":7,"column":44}},"6":{"start":{"line":14,"column":20},"end":{"line":23,"column":1}},"7":{"start":{"line":16,"column":4},"end":{"line":21,"column":5}},"8":{"start":{"line":17,"column":21},"end":{"line":17,"column":48}},"9":{"start":{"line":18,"column":8},"end":{"line":18,"column":25}},"10":{"start":{"line":20,"column":8},"end":{"line":20,"column":52}},"11":{"start":{"line":30,"column":19},"end":{"line":41,"column":1}},"12":{"start":{"line":31,"column":5},"end":{"line":40,"column":9}},"13":{"start":{"line":33,"column":25},"end":{"line":33,"column":41}},"14":{"start":{"line":34,"column":25},"end":{"line":34,"column":56}},"15":{"start":{"line":35,"column":12},"end":{"line":35,"column":29}},"16":{"start":{"line":39,"column":12},"end":{"line":39,"column":57}},"17":{"start":{"line":48,"column":23},"end":{"line":66,"column":1}},"18":{"start":{"line":50,"column":4},"end":{"line":64,"column":5}},"19":{"start":{"line":51,"column":25},"end":{"line":51,"column":28}},"20":{"start":{"line":52,"column":25},"end":{"line":55,"column":11}},"21":{"start":{"line":57,"column":8},"end":{"line":57,"column":30}},"22":{"start":{"line":58,"column":21},"end":{"line":58,"column":56}},"23":{"start":{"line":59,"column":8},"end":{"line":59,"column":24}},"24":{"start":{"line":60,"column":8},"end":{"line":60,"column":25}},"25":{"start":{"line":63,"column":8},"end":{"line":63,"column":55}},"26":{"start":{"line":73,"column":22},"end":{"line":93,"column":1}},"27":{"start":{"line":75,"column":4},"end":{"line":92,"column":5}},"28":{"start":{"line":76,"column":21},"end":{"line":76,"column":37}},"29":{"start":{"line":77,"column":25},"end":{"line":77,"column":56}},"30":{"start":{"line":78,"column":8},"end":{"line":78,"column":47}},"31":{"start":{"line":79,"column":27},"end":{"line":79,"column":35}},"32":{"start":{"line":80,"column":25},"end":{"line":80,"column":52}},"33":{"start":{"line":81,"column":8},"end":{"line":81,"column":32}},"34":{"start":{"line":82,"column":21},"end":{"line":85,"column":9}},"35":{"start":{"line":87,"column":8},"end":{"line":87,"column":29}},"36":{"start":{"line":90,"column":8},"end":{"line":90,"column":23}},"37":{"start":{"line":91,"column":8},"end":{"line":91,"column":53}},"38":{"start":{"line":95,"column":0},"end":{"line":95,"column":74}}},"fnMap":{"0":{"name":"(anonymous_0)","decl":{"start":{"line":14,"column":20},"end":{"line":14,"column":21}},"loc":{"start":{"line":14,"column":39},"end":{"line":23,"column":1}},"line":14},"1":{"name":"(anonymous_1)","decl":{"start":{"line":30,"column":19},"end":{"line":30,"column":20}},"loc":{"start":{"line":30,"column":38},"end":{"line":41,"column":1}},"line":30},"2":{"name":"(anonymous_2)","decl":{"start":{"line":48,"column":23},"end":{"line":48,"column":24}},"loc":{"start":{"line":48,"column":41},"end":{"line":66,"column":1}},"line":48},"3":{"name":"(anonymous_3)","decl":{"start":{"line":73,"column":22},"end":{"line":73,"column":23}},"loc":{"start":{"line":73,"column":41},"end":{"line":93,"column":1}},"line":73}},"branchMap":{},"s":{"0":3,"1":3,"2":3,"3":3,"4":3,"5":3,"6":3,"7":1,"8":1,"9":1,"10":0,"11":3,"12":1,"13":1,"14":1,"15":1,"16":0,"17":3,"18":1,"19":1,"20":1,"21":1,"22":1,"23":1,"24":1,"25":0,"26":3,"27":1,"28":1,"29":1,"30":1,"31":1,"32":1,"33":1,"34":1,"35":1,"36":0,"37":0,"38":3},"f":{"0":1,"1":1,"2":1,"3":1},"b":{},"_coverageSchema":"1a1c01bbd47fc00a2c39e90264f33305004495a9","hash":"ff1670c642b1d6c1a164ea7ff68325d65231d912"}
,"C:\\Users\\lesli\\Desktop\\CURSOS\\spotifyAPI\\controllers\\tracks.js": {"path":"C:\\Users\\lesli\\Desktop\\CURSOS\\spotifyAPI\\controllers\\tracks.js","statementMap":{"0":{"start":{"line":1,"column":22},"end":{"line":1,"column":42}},"1":{"start":{"line":2,"column":15},"end":{"line":2,"column":48}},"2":{"start":{"line":3,"column":22},"end":{"line":3,"column":50}},"3":{"start":{"line":4,"column":26},"end":{"line":4,"column":57}},"4":{"start":{"line":12,"column":17},"end":{"line":23,"column":1}},"5":{"start":{"line":14,"column":4},"end":{"line":22,"column":5}},"6":{"start":{"line":16,"column":21},"end":{"line":16,"column":29}},"7":{"start":{"line":18,"column":21},"end":{"line":18,"column":45}},"8":{"start":{"line":19,"column":8},"end":{"line":19,"column":31}},"9":{"start":{"line":21,"column":8},"end":{"line":21,"column":47}},"10":{"start":{"line":30,"column":16},"end":{"line":42,"column":1}},"11":{"start":{"line":32,"column":4},"end":{"line":41,"column":5}},"12":{"start":{"line":34,"column":21},"end":{"line":34,"column":37}},"13":{"start":{"line":35,"column":21},"end":{"line":35,"column":51}},"14":{"start":{"line":36,"column":8},"end":{"line":36,"column":25}},"15":{"start":{"line":40,"column":8},"end":{"line":40,"column":47}},"16":{"start":{"line":49,"column":21},"end":{"line":59,"column":1}},"17":{"start":{"line":51,"column":4},"end":{"line":57,"column":5}},"18":{"start":{"line":52,"column":21},"end":{"line":52,"column":37}},"19":{"start":{"line":53,"column":21},"end":{"line":53,"column":51}},"20":{"start":{"line":54,"column":8},"end":{"line":54,"column":25}},"21":{"start":{"line":56,"column":8},"end":{"line":56,"column":51}},"22":{"start":{"line":66,"column":20},"end":{"line":75,"column":1}},"23":{"start":{"line":68,"column":4},"end":{"line":74,"column":5}},"24":{"start":{"line":69,"column":30},"end":{"line":69,"column":46}},"25":{"start":{"line":70,"column":21},"end":{"line":70,"column":65}},"26":{"start":{"line":71,"column":8},"end":{"line":71,"column":25}},"27":{"start":{"line":73,"column":8},"end":{"line":73,"column":51}},"28":{"start":{"line":81,"column":20},"end":{"line":91,"column":1}},"29":{"start":{"line":83,"column":4},"end":{"line":90,"column":5}},"30":{"start":{"line":84,"column":21},"end":{"line":84,"column":37}},"31":{"start":{"line":85,"column":21},"end":{"line":85,"column":58}},"32":{"start":{"line":86,"column":8},"end":{"line":86,"column":25}},"33":{"start":{"line":89,"column":8},"end":{"line":89,"column":50}},"34":{"start":{"line":92,"column":0},"end":{"line":92,"column":77}}},"fnMap":{"0":{"name":"(anonymous_0)","decl":{"start":{"line":12,"column":17},"end":{"line":12,"column":18}},"loc":{"start":{"line":12,"column":36},"end":{"line":23,"column":1}},"line":12},"1":{"name":"(anonymous_1)","decl":{"start":{"line":30,"column":16},"end":{"line":30,"column":17}},"loc":{"start":{"line":30,"column":35},"end":{"line":42,"column":1}},"line":30},"2":{"name":"(anonymous_2)","decl":{"start":{"line":49,"column":21},"end":{"line":49,"column":22}},"loc":{"start":{"line":49,"column":39},"end":{"line":59,"column":1}},"line":49},"3":{"name":"(anonymous_3)","decl":{"start":{"line":66,"column":20},"end":{"line":66,"column":21}},"loc":{"start":{"line":66,"column":39},"end":{"line":75,"column":1}},"line":66},"4":{"name":"(anonymous_4)","decl":{"start":{"line":81,"column":20},"end":{"line":81,"column":21}},"loc":{"start":{"line":81,"column":39},"end":{"line":91,"column":1}},"line":81}},"branchMap":{},"s":{"0":3,"1":3,"2":3,"3":3,"4":3,"5":1,"6":1,"7":1,"8":1,"9":0,"10":3,"11":1,"12":1,"13":1,"14":1,"15":0,"16":3,"17":1,"18":1,"19":1,"20":1,"21":0,"22":3,"23":0,"24":0,"25":0,"26":0,"27":0,"28":3,"29":1,"30":1,"31":1,"32":1,"33":0,"34":3},"f":{"0":1,"1":1,"2":1,"3":0,"4":1},"b":{},"_coverageSchema":"1a1c01bbd47fc00a2c39e90264f33305004495a9","hash":"dc9dd1c991ee22ba9c6929a33d3e23636c51ece6"}
,"C:\\Users\\lesli\\Desktop\\CURSOS\\spotifyAPI\\docs\\swaggwer.js": {"path":"C:\\Users\\lesli\\Desktop\\CURSOS\\spotifyAPI\\docs\\swaggwer.js","statementMap":{"0":{"start":{"line":1,"column":21},"end":{"line":1,"column":45}},"1":{"start":{"line":6,"column":26},"end":{"line":89,"column":1}},"2":{"start":{"line":94,"column":18},"end":{"line":100,"column":1}},"3":{"start":{"line":101,"column":29},"end":{"line":101,"column":50}},"4":{"start":{"line":103,"column":0},"end":{"line":103,"column":38}}},"fnMap":{},"branchMap":{},"s":{"0":3,"1":3,"2":3,"3":3,"4":3},"f":{},"b":{},"_coverageSchema":"1a1c01bbd47fc00a2c39e90264f33305004495a9","hash":"7aa55226276028d95cc1eaf529ee5cd90de47004"}
,"C:\\Users\\lesli\\Desktop\\CURSOS\\spotifyAPI\\middleware\\customHeader.js": {"path":"C:\\Users\\lesli\\Desktop\\CURSOS\\spotifyAPI\\middleware\\customHeader.js","statementMap":{"0":{"start":{"line":1,"column":21},"end":{"line":15,"column":3}},"1":{"start":{"line":2,"column":4},"end":{"line":14,"column":5}},"2":{"start":{"line":3,"column":21},"end":{"line":3,"column":40}},"3":{"start":{"line":4,"column":6},"end":{"line":10,"column":7}},"4":{"start":{"line":6,"column":8},"end":{"line":6,"column":15}},"5":{"start":{"line":8,"column":8},"end":{"line":8,"column":24}},"6":{"start":{"line":9,"column":8},"end":{"line":9,"column":54}},"7":{"start":{"line":12,"column":6},"end":{"line":12,"column":22}},"8":{"start":{"line":13,"column":6},"end":{"line":13,"column":62}},"9":{"start":{"line":17,"column":2},"end":{"line":17,"column":32}}},"fnMap":{"0":{"name":"(anonymous_0)","decl":{"start":{"line":1,"column":21},"end":{"line":1,"column":22}},"loc":{"start":{"line":1,"column":41},"end":{"line":15,"column":3}},"line":1}},"branchMap":{"0":{"loc":{"start":{"line":4,"column":6},"end":{"line":10,"column":7}},"type":"if","locations":[{"start":{"line":4,"column":6},"end":{"line":10,"column":7}},{"start":{"line":7,"column":13},"end":{"line":10,"column":7}}],"line":4}},"s":{"0":3,"1":0,"2":0,"3":0,"4":0,"5":0,"6":0,"7":0,"8":0,"9":3},"f":{"0":0},"b":{"0":[0,0]},"_coverageSchema":"1a1c01bbd47fc00a2c39e90264f33305004495a9","hash":"72c1dd4b1f157cb581c37167f246b2ae6267e32f"}
,"C:\\Users\\lesli\\Desktop\\CURSOS\\spotifyAPI\\middleware\\rol.js": {"path":"C:\\Users\\lesli\\Desktop\\CURSOS\\spotifyAPI\\middleware\\rol.js","statementMap":{"0":{"start":{"line":1,"column":28},"end":{"line":1,"column":59}},"1":{"start":{"line":7,"column":17},"end":{"line":29,"column":1}},"2":{"start":{"line":7,"column":28},"end":{"line":29,"column":1}},"3":{"start":{"line":9,"column":4},"end":{"line":25,"column":5}},"4":{"start":{"line":11,"column":25},"end":{"line":11,"column":28}},"5":{"start":{"line":12,"column":28},"end":{"line":12,"column":37}},"6":{"start":{"line":13,"column":30},"end":{"line":13,"column":88}},"7":{"start":{"line":13,"column":56},"end":{"line":13,"column":87}},"8":{"start":{"line":15,"column":8},"end":{"line":17,"column":9}},"9":{"start":{"line":16,"column":12},"end":{"line":16,"column":60}},"10":{"start":{"line":19,"column":8},"end":{"line":19,"column":15}},"11":{"start":{"line":24,"column":8},"end":{"line":24,"column":54}},"12":{"start":{"line":31,"column":0},"end":{"line":31,"column":27}}},"fnMap":{"0":{"name":"(anonymous_0)","decl":{"start":{"line":7,"column":17},"end":{"line":7,"column":18}},"loc":{"start":{"line":7,"column":28},"end":{"line":29,"column":1}},"line":7},"1":{"name":"(anonymous_1)","decl":{"start":{"line":7,"column":28},"end":{"line":7,"column":29}},"loc":{"start":{"line":7,"column":47},"end":{"line":29,"column":1}},"line":7},"2":{"name":"(anonymous_2)","decl":{"start":{"line":13,"column":41},"end":{"line":13,"column":42}},"loc":{"start":{"line":13,"column":56},"end":{"line":13,"column":87}},"line":13}},"branchMap":{"0":{"loc":{"start":{"line":15,"column":8},"end":{"line":17,"column":9}},"type":"if","locations":[{"start":{"line":15,"column":8},"end":{"line":17,"column":9}},{"start":{},"end":{}}],"line":15}},"s":{"0":3,"1":3,"2":9,"3":2,"4":2,"5":2,"6":2,"7":2,"8":2,"9":0,"10":2,"11":0,"12":3},"f":{"0":9,"1":2,"2":2},"b":{"0":[0,2]},"_coverageSchema":"1a1c01bbd47fc00a2c39e90264f33305004495a9","hash":"b915ef31f7bd137616bdbb24f590390023de4478"}
,"C:\\Users\\lesli\\Desktop\\CURSOS\\spotifyAPI\\middleware\\session.js": {"path":"C:\\Users\\lesli\\Desktop\\CURSOS\\spotifyAPI\\middleware\\session.js","statementMap":{"0":{"start":{"line":1,"column":28},"end":{"line":1,"column":59}},"1":{"start":{"line":2,"column":22},"end":{"line":2,"column":51}},"2":{"start":{"line":3,"column":21},"end":{"line":3,"column":41}},"3":{"start":{"line":5,"column":23},"end":{"line":28,"column":1}},"4":{"start":{"line":6,"column":4},"end":{"line":27,"column":5}},"5":{"start":{"line":8,"column":8},"end":{"line":10,"column":9}},"6":{"start":{"line":9,"column":12},"end":{"line":9,"column":56}},"7":{"start":{"line":12,"column":22},"end":{"line":12,"column":64}},"8":{"start":{"line":13,"column":26},"end":{"line":13,"column":50}},"9":{"start":{"line":15,"column":8},"end":{"line":17,"column":9}},"10":{"start":{"line":16,"column":12},"end":{"line":16,"column":55}},"11":{"start":{"line":19,"column":21},"end":{"line":19,"column":61}},"12":{"start":{"line":20,"column":8},"end":{"line":20,"column":24}},"13":{"start":{"line":22,"column":8},"end":{"line":22,"column":15}},"14":{"start":{"line":26,"column":8},"end":{"line":26,"column":47}},"15":{"start":{"line":30,"column":0},"end":{"line":30,"column":33}}},"fnMap":{"0":{"name":"(anonymous_0)","decl":{"start":{"line":5,"column":23},"end":{"line":5,"column":24}},"loc":{"start":{"line":5,"column":48},"end":{"line":28,"column":1}},"line":5}},"branchMap":{"0":{"loc":{"start":{"line":8,"column":8},"end":{"line":10,"column":9}},"type":"if","locations":[{"start":{"line":8,"column":8},"end":{"line":10,"column":9}},{"start":{},"end":{}}],"line":8},"1":{"loc":{"start":{"line":15,"column":8},"end":{"line":17,"column":9}},"type":"if","locations":[{"start":{"line":15,"column":8},"end":{"line":17,"column":9}},{"start":{},"end":{}}],"line":15}},"s":{"0":3,"1":3,"2":3,"3":3,"4":4,"5":4,"6":0,"7":4,"8":4,"9":4,"10":0,"11":4,"12":4,"13":4,"14":0,"15":3},"f":{"0":4},"b":{"0":[0,4],"1":[0,4]},"_coverageSchema":"1a1c01bbd47fc00a2c39e90264f33305004495a9","hash":"54eea30c97293cc1a0957d3a85338e170f827d40"}
,"C:\\Users\\lesli\\Desktop\\CURSOS\\spotifyAPI\\models\\index.js": {"path":"C:\\Users\\lesli\\Desktop\\CURSOS\\spotifyAPI\\models\\index.js","statementMap":{"0":{"start":{"line":1,"column":15},"end":{"line":6,"column":1}},"1":{"start":{"line":8,"column":0},"end":{"line":8,"column":23}}},"fnMap":{},"branchMap":{},"s":{"0":3,"1":3},"f":{},"b":{},"_coverageSchema":"1a1c01bbd47fc00a2c39e90264f33305004495a9","hash":"55fdf295e43dc263c29fcc02bafb3dbfc9505d6c"}
,"C:\\Users\\lesli\\Desktop\\CURSOS\\spotifyAPI\\models\\noSQL\\storage.js": {"path":"C:\\Users\\lesli\\Desktop\\CURSOS\\spotifyAPI\\models\\noSQL\\storage.js","statementMap":{"0":{"start":{"line":1,"column":17},"end":{"line":1,"column":36}},"1":{"start":{"line":3,"column":22},"end":{"line":12,"column":1}},"2":{"start":{"line":14,"column":0},"end":{"line":14,"column":56}}},"fnMap":{},"branchMap":{},"s":{"0":3,"1":3,"2":3},"f":{},"b":{},"_coverageSchema":"1a1c01bbd47fc00a2c39e90264f33305004495a9","hash":"761a32f8f8c03e5b0b59e200d266e0c857a2b5a8"}
,"C:\\Users\\lesli\\Desktop\\CURSOS\\spotifyAPI\\models\\noSQL\\tracks.js": {"path":"C:\\Users\\lesli\\Desktop\\CURSOS\\spotifyAPI\\models\\noSQL\\tracks.js","statementMap":{"0":{"start":{"line":1,"column":17},"end":{"line":1,"column":36}},"1":{"start":{"line":3,"column":21},"end":{"line":24,"column":1}},"2":{"start":{"line":26,"column":0},"end":{"line":26,"column":54}}},"fnMap":{},"branchMap":{},"s":{"0":3,"1":3,"2":3},"f":{},"b":{},"_coverageSchema":"1a1c01bbd47fc00a2c39e90264f33305004495a9","hash":"4a84f8a82a3da5afd7080455e0a641b73765c770"}
,"C:\\Users\\lesli\\Desktop\\CURSOS\\spotifyAPI\\models\\noSQL\\users.js": {"path":"C:\\Users\\lesli\\Desktop\\CURSOS\\spotifyAPI\\models\\noSQL\\users.js","statementMap":{"0":{"start":{"line":1,"column":17},"end":{"line":1,"column":36}},"1":{"start":{"line":3,"column":19},"end":{"line":15,"column":1}},"2":{"start":{"line":17,"column":0},"end":{"line":17,"column":51}}},"fnMap":{},"branchMap":{},"s":{"0":3,"1":3,"2":3},"f":{},"b":{},"_coverageSchema":"1a1c01bbd47fc00a2c39e90264f33305004495a9","hash":"ce936d975c3ccb89cb29e11453f54890e1bfd36c"}
,"C:\\Users\\lesli\\Desktop\\CURSOS\\spotifyAPI\\routes\\auth.js": {"path":"C:\\Users\\lesli\\Desktop\\CURSOS\\spotifyAPI\\routes\\auth.js","statementMap":{"0":{"start":{"line":1,"column":16},"end":{"line":1,"column":34}},"1":{"start":{"line":2,"column":15},"end":{"line":2,"column":31}},"2":{"start":{"line":3,"column":52},"end":{"line":3,"column":81}},"3":{"start":{"line":4,"column":34},"end":{"line":4,"column":64}},"4":{"start":{"line":27,"column":0},"end":{"line":27,"column":60}},"5":{"start":{"line":56,"column":0},"end":{"line":56,"column":52}},"6":{"start":{"line":58,"column":0},"end":{"line":58,"column":23}}},"fnMap":{},"branchMap":{},"s":{"0":3,"1":3,"2":3,"3":3,"4":3,"5":3,"6":3},"f":{},"b":{},"_coverageSchema":"1a1c01bbd47fc00a2c39e90264f33305004495a9","hash":"7aa0e9e806adb0ad4db6bf56c56db9fff3a4e85f"}
,"C:\\Users\\lesli\\Desktop\\CURSOS\\spotifyAPI\\routes\\index.js": {"path":"C:\\Users\\lesli\\Desktop\\CURSOS\\spotifyAPI\\routes\\index.js","statementMap":{"0":{"start":{"line":1,"column":16},"end":{"line":1,"column":34}},"1":{"start":{"line":2,"column":11},"end":{"line":2,"column":24}},"2":{"start":{"line":3,"column":15},"end":{"line":3,"column":31}},"3":{"start":{"line":5,"column":20},"end":{"line":5,"column":29}},"4":{"start":{"line":7,"column":24},"end":{"line":9,"column":1}},"5":{"start":{"line":8,"column":4},"end":{"line":8,"column":39}},"6":{"start":{"line":12,"column":1},"end":{"line":18,"column":3}},"7":{"start":{"line":14,"column":17},"end":{"line":14,"column":38}},"8":{"start":{"line":15,"column":4},"end":{"line":17,"column":5}},"9":{"start":{"line":16,"column":8},"end":{"line":16,"column":53}},"10":{"start":{"line":21,"column":0},"end":{"line":21,"column":23}}},"fnMap":{"0":{"name":"(anonymous_0)","decl":{"start":{"line":7,"column":24},"end":{"line":7,"column":25}},"loc":{"start":{"line":7,"column":37},"end":{"line":9,"column":1}},"line":7},"1":{"name":"(anonymous_1)","decl":{"start":{"line":12,"column":36},"end":{"line":12,"column":37}},"loc":{"start":{"line":12,"column":44},"end":{"line":18,"column":2}},"line":12}},"branchMap":{"0":{"loc":{"start":{"line":15,"column":4},"end":{"line":17,"column":5}},"type":"if","locations":[{"start":{"line":15,"column":4},"end":{"line":17,"column":5}},{"start":{},"end":{}}],"line":15}},"s":{"0":3,"1":3,"2":3,"3":3,"4":3,"5":12,"6":3,"7":12,"8":12,"9":9,"10":3},"f":{"0":12,"1":12},"b":{"0":[9,3]},"_coverageSchema":"1a1c01bbd47fc00a2c39e90264f33305004495a9","hash":"3471103750deb11c2c6f3e8f648b51ccbe818c80"}
,"C:\\Users\\lesli\\Desktop\\CURSOS\\spotifyAPI\\routes\\storage.js": {"path":"C:\\Users\\lesli\\Desktop\\CURSOS\\spotifyAPI\\routes\\storage.js","statementMap":{"0":{"start":{"line":1,"column":16},"end":{"line":1,"column":34}},"1":{"start":{"line":2,"column":15},"end":{"line":2,"column":31}},"2":{"start":{"line":3,"column":25},"end":{"line":3,"column":58}},"3":{"start":{"line":4,"column":65},"end":{"line":4,"column":98}},"4":{"start":{"line":5,"column":19},"end":{"line":5,"column":47}},"5":{"start":{"line":7,"column":34},"end":{"line":7,"column":66}},"6":{"start":{"line":32,"column":0},"end":{"line":32,"column":29}},"7":{"start":{"line":60,"column":0},"end":{"line":60,"column":56}},"8":{"start":{"line":93,"column":0},"end":{"line":93,"column":68}},"9":{"start":{"line":121,"column":0},"end":{"line":121,"column":62}},"10":{"start":{"line":123,"column":0},"end":{"line":123,"column":24}}},"fnMap":{},"branchMap":{},"s":{"0":3,"1":3,"2":3,"3":3,"4":3,"5":3,"6":3,"7":3,"8":3,"9":3,"10":3},"f":{},"b":{},"_coverageSchema":"1a1c01bbd47fc00a2c39e90264f33305004495a9","hash":"b5ba0ceae616ea952acee6cebbbf1159ddc3f779"}
,"C:\\Users\\lesli\\Desktop\\CURSOS\\spotifyAPI\\routes\\tracks.js": {"path":"C:\\Users\\lesli\\Desktop\\CURSOS\\spotifyAPI\\routes\\tracks.js","statementMap":{"0":{"start":{"line":1,"column":16},"end":{"line":1,"column":34}},"1":{"start":{"line":2,"column":15},"end":{"line":2,"column":31}},"2":{"start":{"line":3,"column":69},"end":{"line":3,"column":101}},"3":{"start":{"line":4,"column":48},"end":{"line":4,"column":79}},"4":{"start":{"line":5,"column":21},"end":{"line":5,"column":58}},"5":{"start":{"line":6,"column":25},"end":{"line":6,"column":58}},"6":{"start":{"line":7,"column":19},"end":{"line":7,"column":47}},"7":{"start":{"line":35,"column":0},"end":{"line":35,"column":41}},"8":{"start":{"line":65,"column":0},"end":{"line":65,"column":62}},"9":{"start":{"line":96,"column":0},"end":{"line":96,"column":97}},"10":{"start":{"line":136,"column":0},"end":{"line":136,"column":89}},"11":{"start":{"line":162,"column":0},"end":{"line":162,"column":90}},"12":{"start":{"line":165,"column":0},"end":{"line":165,"column":23}}},"fnMap":{},"branchMap":{},"s":{"0":3,"1":3,"2":3,"3":3,"4":3,"5":3,"6":3,"7":3,"8":3,"9":3,"10":3,"11":3,"12":3},"f":{},"b":{},"_coverageSchema":"1a1c01bbd47fc00a2c39e90264f33305004495a9","hash":"395bcd4e1c17474d9077a35833b117f3182d1cab"}
,"C:\\Users\\lesli\\Desktop\\CURSOS\\spotifyAPI\\test\\helper\\helperData.js": {"path":"C:\\Users\\lesli\\Desktop\\CURSOS\\spotifyAPI\\test\\helper\\helperData.js","statementMap":{"0":{"start":{"line":1,"column":25},"end":{"line":6,"column":1}},"1":{"start":{"line":8,"column":22},"end":{"line":11,"column":1}},"2":{"start":{"line":13,"column":25},"end":{"line":16,"column":1}},"3":{"start":{"line":18,"column":30},"end":{"line":24,"column":3}},"4":{"start":{"line":26,"column":27},"end":{"line":29,"column":1}},"5":{"start":{"line":31,"column":28},"end":{"line":34,"column":3}},"6":{"start":{"line":36,"column":24},"end":{"line":50,"column":3}},"7":{"start":{"line":53,"column":2},"end":{"line":61,"column":3}}},"fnMap":{},"branchMap":{},"s":{"0":3,"1":3,"2":3,"3":3,"4":3,"5":3,"6":3,"7":3},"f":{},"b":{},"_coverageSchema":"1a1c01bbd47fc00a2c39e90264f33305004495a9","hash":"0c24dde8f676b5eced03e08295dc53c1313ce5cd"}
,"C:\\Users\\lesli\\Desktop\\CURSOS\\spotifyAPI\\utils\\handleError.js": {"path":"C:\\Users\\lesli\\Desktop\\CURSOS\\spotifyAPI\\utils\\handleError.js","statementMap":{"0":{"start":{"line":1,"column":24},"end":{"line":4,"column":1}},"1":{"start":{"line":2,"column":4},"end":{"line":2,"column":21}},"2":{"start":{"line":3,"column":4},"end":{"line":3,"column":30}},"3":{"start":{"line":7,"column":0},"end":{"line":7,"column":34}}},"fnMap":{"0":{"name":"(anonymous_0)","decl":{"start":{"line":1,"column":24},"end":{"line":1,"column":25}},"loc":{"start":{"line":1,"column":70},"end":{"line":4,"column":1}},"line":1}},"branchMap":{"0":{"loc":{"start":{"line":1,"column":30},"end":{"line":1,"column":54}},"type":"default-arg","locations":[{"start":{"line":1,"column":40},"end":{"line":1,"column":54}}],"line":1},"1":{"loc":{"start":{"line":1,"column":56},"end":{"line":1,"column":66}},"type":"default-arg","locations":[{"start":{"line":1,"column":63},"end":{"line":1,"column":66}}],"line":1}},"s":{"0":3,"1":3,"2":3,"3":3},"f":{"0":3},"b":{"0":[0],"1":[0]},"_coverageSchema":"1a1c01bbd47fc00a2c39e90264f33305004495a9","hash":"2ca545af89eacf4ac977698ee5ae14fd58f45945"}
,"C:\\Users\\lesli\\Desktop\\CURSOS\\spotifyAPI\\utils\\handleJWT.js": {"path":"C:\\Users\\lesli\\Desktop\\CURSOS\\spotifyAPI\\utils\\handleJWT.js","statementMap":{"0":{"start":{"line":1,"column":12},"end":{"line":1,"column":35}},"1":{"start":{"line":2,"column":20},"end":{"line":2,"column":42}},"2":{"start":{"line":10,"column":18},"end":{"line":23,"column":1}},"3":{"start":{"line":12,"column":17},"end":{"line":21,"column":5}},"4":{"start":{"line":22,"column":4},"end":{"line":22,"column":16}},"5":{"start":{"line":30,"column":20},"end":{"line":41,"column":1}},"6":{"start":{"line":33,"column":4},"end":{"line":39,"column":5}},"7":{"start":{"line":35,"column":8},"end":{"line":35,"column":47}},"8":{"start":{"line":38,"column":8},"end":{"line":38,"column":19}},"9":{"start":{"line":43,"column":0},"end":{"line":43,"column":42}}},"fnMap":{"0":{"name":"(anonymous_0)","decl":{"start":{"line":10,"column":18},"end":{"line":10,"column":19}},"loc":{"start":{"line":10,"column":33},"end":{"line":23,"column":1}},"line":10},"1":{"name":"(anonymous_1)","decl":{"start":{"line":30,"column":20},"end":{"line":30,"column":21}},"loc":{"start":{"line":30,"column":40},"end":{"line":41,"column":1}},"line":30}},"branchMap":{},"s":{"0":3,"1":3,"2":3,"3":4,"4":4,"5":3,"6":4,"7":4,"8":0,"9":3},"f":{"0":4,"1":4},"b":{},"_coverageSchema":"1a1c01bbd47fc00a2c39e90264f33305004495a9","hash":"b22bd79a5f1f6580fc956a893dc20cef8116ad69"}
,"C:\\Users\\lesli\\Desktop\\CURSOS\\spotifyAPI\\utils\\handlePassword.js": {"path":"C:\\Users\\lesli\\Desktop\\CURSOS\\spotifyAPI\\utils\\handlePassword.js","statementMap":{"0":{"start":{"line":1,"column":17},"end":{"line":1,"column":37}},"1":{"start":{"line":7,"column":16},"end":{"line":11,"column":1}},"2":{"start":{"line":8,"column":17},"end":{"line":8,"column":54}},"3":{"start":{"line":9,"column":4},"end":{"line":9,"column":16}},"4":{"start":{"line":18,"column":16},"end":{"line":22,"column":1}},"5":{"start":{"line":20,"column":4},"end":{"line":20,"column":62}},"6":{"start":{"line":24,"column":0},"end":{"line":24,"column":37}}},"fnMap":{"0":{"name":"(anonymous_0)","decl":{"start":{"line":7,"column":16},"end":{"line":7,"column":17}},"loc":{"start":{"line":7,"column":39},"end":{"line":11,"column":1}},"line":7},"1":{"name":"(anonymous_1)","decl":{"start":{"line":18,"column":16},"end":{"line":18,"column":17}},"loc":{"start":{"line":18,"column":53},"end":{"line":22,"column":1}},"line":18}},"branchMap":{},"s":{"0":3,"1":3,"2":1,"3":1,"4":3,"5":2,"6":3},"f":{"0":1,"1":2},"b":{},"_coverageSchema":"1a1c01bbd47fc00a2c39e90264f33305004495a9","hash":"c46036e9b6c3ba43cbd1481261e39f297e9b6a18"}
,"C:\\Users\\lesli\\Desktop\\CURSOS\\spotifyAPI\\utils\\handleStorage.js": {"path":"C:\\Users\\lesli\\Desktop\\CURSOS\\spotifyAPI\\utils\\handleStorage.js","statementMap":{"0":{"start":{"line":1,"column":15},"end":{"line":1,"column":32}},"1":{"start":{"line":3,"column":16},"end":{"line":14,"column":2}},"2":{"start":{"line":5,"column":28},"end":{"line":5,"column":53}},"3":{"start":{"line":6,"column":8},"end":{"line":6,"column":30}},"4":{"start":{"line":10,"column":20},"end":{"line":10,"column":54}},"5":{"start":{"line":11,"column":25},"end":{"line":11,"column":52}},"6":{"start":{"line":12,"column":8},"end":{"line":12,"column":27}},"7":{"start":{"line":16,"column":25},"end":{"line":16,"column":50}},"8":{"start":{"line":18,"column":0},"end":{"line":18,"column":33}}},"fnMap":{"0":{"name":"(anonymous_0)","decl":{"start":{"line":4,"column":17},"end":{"line":4,"column":18}},"loc":{"start":{"line":4,"column":40},"end":{"line":7,"column":5}},"line":4},"1":{"name":"(anonymous_1)","decl":{"start":{"line":8,"column":13},"end":{"line":8,"column":14}},"loc":{"start":{"line":8,"column":36},"end":{"line":13,"column":5}},"line":8}},"branchMap":{},"s":{"0":3,"1":3,"2":1,"3":1,"4":1,"5":1,"6":1,"7":3,"8":3},"f":{"0":1,"1":1},"b":{},"_coverageSchema":"1a1c01bbd47fc00a2c39e90264f33305004495a9","hash":"6d4d1cd0ec6e9152b227888bf17c90d226382f6a"}
,"C:\\Users\\lesli\\Desktop\\CURSOS\\spotifyAPI\\utils\\handleValidator.js": {"path":"C:\\Users\\lesli\\Desktop\\CURSOS\\spotifyAPI\\utils\\handleValidator.js","statementMap":{"0":{"start":{"line":1,"column":29},"end":{"line":1,"column":57}},"1":{"start":{"line":3,"column":24},"end":{"line":11,"column":1}},"2":{"start":{"line":4,"column":4},"end":{"line":10,"column":5}},"3":{"start":{"line":5,"column":8},"end":{"line":5,"column":38}},"4":{"start":{"line":6,"column":8},"end":{"line":6,"column":22}},"5":{"start":{"line":8,"column":8},"end":{"line":8,"column":24}},"6":{"start":{"line":9,"column":8},"end":{"line":9,"column":39}},"7":{"start":{"line":13,"column":0},"end":{"line":13,"column":32}}},"fnMap":{"0":{"name":"(anonymous_0)","decl":{"start":{"line":3,"column":24},"end":{"line":3,"column":25}},"loc":{"start":{"line":3,"column":43},"end":{"line":11,"column":1}},"line":3}},"branchMap":{},"s":{"0":3,"1":3,"2":10,"3":10,"4":10,"5":0,"6":0,"7":3},"f":{"0":10},"b":{},"_coverageSchema":"1a1c01bbd47fc00a2c39e90264f33305004495a9","hash":"85889132e56bbc29c56ce119f65b6b3c8dda7fa2"}
,"C:\\Users\\lesli\\Desktop\\CURSOS\\spotifyAPI\\validators\\auth.js": {"path":"C:\\Users\\lesli\\Desktop\\CURSOS\\spotifyAPI\\validators\\auth.js","statementMap":{"0":{"start":{"line":1,"column":16},"end":{"line":1,"column":44}},"1":{"start":{"line":2,"column":25},"end":{"line":2,"column":60}},"2":{"start":{"line":4,"column":30},"end":{"line":17,"column":1}},"3":{"start":{"line":13,"column":8},"end":{"line":13,"column":47}},"4":{"start":{"line":19,"column":27},"end":{"line":30,"column":2}},"5":{"start":{"line":26,"column":9},"end":{"line":26,"column":48}},"6":{"start":{"line":32,"column":0},"end":{"line":32,"column":60}}},"fnMap":{"0":{"name":"(anonymous_0)","decl":{"start":{"line":11,"column":4},"end":{"line":11,"column":5}},"loc":{"start":{"line":11,"column":23},"end":{"line":15,"column":5}},"line":11},"1":{"name":"(anonymous_1)","decl":{"start":{"line":24,"column":5},"end":{"line":24,"column":6}},"loc":{"start":{"line":24,"column":24},"end":{"line":28,"column":6}},"line":24}},"branchMap":{},"s":{"0":3,"1":3,"2":3,"3":1,"4":3,"5":4,"6":3},"f":{"0":1,"1":4},"b":{},"_coverageSchema":"1a1c01bbd47fc00a2c39e90264f33305004495a9","hash":"88ccec88d02267a56bba883ad097852d7b81b0ea"}
,"C:\\Users\\lesli\\Desktop\\CURSOS\\spotifyAPI\\validators\\storage.js": {"path":"C:\\Users\\lesli\\Desktop\\CURSOS\\spotifyAPI\\validators\\storage.js","statementMap":{"0":{"start":{"line":1,"column":16},"end":{"line":1,"column":44}},"1":{"start":{"line":2,"column":25},"end":{"line":2,"column":60}},"2":{"start":{"line":5,"column":32},"end":{"line":14,"column":2}},"3":{"start":{"line":10,"column":9},"end":{"line":10,"column":48}},"4":{"start":{"line":16,"column":1},"end":{"line":16,"column":44}}},"fnMap":{"0":{"name":"(anonymous_0)","decl":{"start":{"line":8,"column":5},"end":{"line":8,"column":6}},"loc":{"start":{"line":8,"column":24},"end":{"line":12,"column":6}},"line":8}},"branchMap":{},"s":{"0":3,"1":3,"2":3,"3":2,"4":3},"f":{"0":2},"b":{},"_coverageSchema":"1a1c01bbd47fc00a2c39e90264f33305004495a9","hash":"10b268b64c8a01b8b4d7ed35fe1346fa17642d5e"}
,"C:\\Users\\lesli\\Desktop\\CURSOS\\spotifyAPI\\validators\\tracks.js": {"path":"C:\\Users\\lesli\\Desktop\\CURSOS\\spotifyAPI\\validators\\tracks.js","statementMap":{"0":{"start":{"line":1,"column":16},"end":{"line":1,"column":44}},"1":{"start":{"line":2,"column":25},"end":{"line":2,"column":60}},"2":{"start":{"line":4,"column":28},"end":{"line":25,"column":1}},"3":{"start":{"line":21,"column":8},"end":{"line":21,"column":47}},"4":{"start":{"line":27,"column":25},"end":{"line":36,"column":1}},"5":{"start":{"line":32,"column":8},"end":{"line":32,"column":47}},"6":{"start":{"line":38,"column":0},"end":{"line":38,"column":56}}},"fnMap":{"0":{"name":"(anonymous_0)","decl":{"start":{"line":19,"column":4},"end":{"line":19,"column":5}},"loc":{"start":{"line":19,"column":23},"end":{"line":23,"column":5}},"line":19},"1":{"name":"(anonymous_1)","decl":{"start":{"line":30,"column":4},"end":{"line":30,"column":5}},"loc":{"start":{"line":30,"column":23},"end":{"line":34,"column":5}},"line":30}},"branchMap":{},"s":{"0":3,"1":3,"2":3,"3":1,"4":3,"5":2,"6":3},"f":{"0":1,"1":2},"b":{},"_coverageSchema":"1a1c01bbd47fc00a2c39e90264f33305004495a9","hash":"b09b07a405e54b6321f4ac356f2bd5d0ba1fe17c"}
}
